This is pdfTeX, Version 3.1415926-2.4-1.40.13 (TeX Live 2012/W32TeX) (format=pdflatex 2012.11.25)  11 JAN 2014 00:42
entering extended mode
 restricted \write18 enabled.
 %&-line parsing enabled.
**main.tex
(./main.tex
LaTeX2e <2011/06/27>
Babel <v3.8m> and hyphenation patterns for english, dumylang, nohyphenation, ge
rman-x-2012-05-30, ngerman-x-2012-05-30, afrikaans, ancientgreek, ibycus, arabi
c, armenian, basque, bulgarian, catalan, pinyin, coptic, croatian, czech, danis
h, dutch, ukenglish, usenglishmax, esperanto, estonian, ethiopic, farsi, finnis
h, french, friulan, galician, german, ngerman, swissgerman, monogreek, greek, h
ungarian, icelandic, assamese, bengali, gujarati, hindi, kannada, malayalam, ma
rathi, oriya, panjabi, tamil, telugu, indonesian, interlingua, irish, italian, 
kurmanji, latin, latvian, lithuanian, mongolian, mongolianlmc, bokmal, nynorsk,
 polish, portuguese, romanian, romansh, russian, sanskrit, serbian, serbianc, s
lovak, slovenian, spanish, swedish, turkish, turkmen, ukrainian, uppersorbian, 
welsh, loaded.
\@input{header.aux}
\openout2 = `header.aux'.

(./header.tex
(d:/Program Files/texlive/2012/texmf-dist/tex/latex/base/report.cls
Document Class: report 2007/10/19 v1.4h Standard LaTeX document class
(d:/Program Files/texlive/2012/texmf-dist/tex/latex/base/size10.clo
File: size10.clo 2007/10/19 v1.4h Standard LaTeX file (size option)
)
\c@part=\count79
\c@chapter=\count80
\c@section=\count81
\c@subsection=\count82
\c@subsubsection=\count83
\c@paragraph=\count84
\c@subparagraph=\count85
\c@figure=\count86
\c@table=\count87
\abovecaptionskip=\skip41
\belowcaptionskip=\skip42
\bibindent=\dimen102
)
(d:/Program Files/texlive/2012/texmf-dist/tex/latex/base/inputenc.sty
Package: inputenc 2008/03/30 v1.1d Input encoding file
\inpenc@prehook=\toks14
\inpenc@posthook=\toks15

(d:/Program Files/texlive/2012/texmf-dist/tex/latex/ucs/utf8x.def
File: utf8x.def 2004/10/17 UCS: Input encoding UTF-8
))
(d:/Program Files/texlive/2012/texmf-dist/tex/latex/ucs/ucs.sty
Package: ucs 2004/10/17 UCS: Unicode input support

(d:/Program Files/texlive/2012/texmf-dist/tex/latex/ucs/data/uni-global.def
File: uni-global.def 2012/08/28 UCS: Unicode global data
)
\uc@secondtry=\count88
\uc@combtoks=\toks16
\uc@combtoksb=\toks17
\uc@temptokena=\toks18
)
(d:/Program Files/texlive/2012/texmf-dist/tex/latex/fancyhdr/fancyhdr.sty
\fancy@headwidth=\skip43
\f@ncyO@elh=\skip44
\f@ncyO@erh=\skip45
\f@ncyO@olh=\skip46
\f@ncyO@orh=\skip47
\f@ncyO@elf=\skip48
\f@ncyO@erf=\skip49
\f@ncyO@olf=\skip50
\f@ncyO@orf=\skip51
)
(d:/Program Files/texlive/2012/texmf-dist/tex/latex/multirow/multirow.sty
\bigstrutjot=\dimen103
)
(d:/Program Files/texlive/2012/texmf-dist/tex/latex/tools/tabularx.sty
Package: tabularx 1999/01/07 v2.07 `tabularx' package (DPC)

(d:/Program Files/texlive/2012/texmf-dist/tex/latex/tools/array.sty
Package: array 2008/09/09 v2.4c Tabular extension package (FMi)
\col@sep=\dimen104
\extrarowheight=\dimen105
\NC@list=\toks19
\extratabsurround=\skip52
\backup@length=\skip53
)
\TX@col@width=\dimen106
\TX@old@table=\dimen107
\TX@old@col=\dimen108
\TX@target=\dimen109
\TX@delta=\dimen110
\TX@cols=\count89
\TX@ftn=\toks20
)
(d:/Program Files/texlive/2012/texmf-dist/tex/latex/tools/longtable.sty
Package: longtable 2004/02/01 v4.11 Multi-page Table package (DPC)
\LTleft=\skip54
\LTright=\skip55
\LTpre=\skip56
\LTpost=\skip57
\LTchunksize=\count90
\LTcapwidth=\dimen111
\LT@head=\box26
\LT@firsthead=\box27
\LT@foot=\box28
\LT@lastfoot=\box29
\LT@cols=\count91
\LT@rows=\count92
\c@LT@tables=\count93
\c@LT@chunks=\count94
\LT@p@ftn=\toks21
)
(d:/Program Files/texlive/2012/texmf-dist/tex/latex/appendix/appendix.sty
Package: appendix 2009/09/02 v1.2b extra appendix facilities
\c@@pps=\count95
\c@@ppsavesec=\count96
\c@@ppsaveapp=\count97
)
(d:/Program Files/texlive/2012/texmf-dist/tex/latex/listings/listings.sty
(d:/Program Files/texlive/2012/texmf-dist/tex/latex/graphics/keyval.sty
Package: keyval 1999/03/16 v1.13 key=value parser (DPC)
\KV@toks@=\toks22
)
\lst@mode=\count98
\lst@gtempboxa=\box30
\lst@token=\toks23
\lst@length=\count99
\lst@currlwidth=\dimen112
\lst@column=\count100
\lst@pos=\count101
\lst@lostspace=\dimen113
\lst@width=\dimen114
\lst@newlines=\count102
\lst@lineno=\count103
\lst@maxwidth=\dimen115

(d:/Program Files/texlive/2012/texmf-dist/tex/latex/listings/lstmisc.sty
File: lstmisc.sty 2007/02/22 1.4 (Carsten Heinz)
\lst@fmtcurrindent=\dimen116
\lst@newlinesensured=\count104
\c@lstnumber=\count105
\lst@skipnumbers=\count106
\lst@framebox=\box31
)
(d:/Program Files/texlive/2012/texmf-dist/tex/latex/listings/listings.cfg
File: listings.cfg 2007/02/22 1.4 listings configuration
))
Package: listings 2007/02/22 1.4 (Carsten Heinz)

(d:/Program Files/texlive/2012/texmf-dist/tex/latex/tools/indentfirst.sty
Package: indentfirst 1995/11/23 v1.03 Indent first paragraph (DPC)
)
(d:/Program Files/texlive/2012/texmf-dist/tex/latex/hyperref/nameref.sty
Package: nameref 2012/10/27 v2.43 Cross-referencing by name of section

(d:/Program Files/texlive/2012/texmf-dist/tex/latex/oberdiek/refcount.sty
Package: refcount 2011/10/16 v3.4 Data extraction from label references (HO)

(d:/Program Files/texlive/2012/texmf-dist/tex/generic/oberdiek/ltxcmds.sty
Package: ltxcmds 2011/11/09 v1.22 LaTeX kernel commands for general use (HO)
)
(d:/Program Files/texlive/2012/texmf-dist/tex/generic/oberdiek/infwarerr.sty
Package: infwarerr 2010/04/08 v1.3 Providing info/warning/error messages (HO)
))
(d:/Program Files/texlive/2012/texmf-dist/tex/generic/oberdiek/gettitlestring.s
ty
Package: gettitlestring 2010/12/03 v1.4 Cleanup title references (HO)
 (d:/Program Files/texlive/2012/texmf-dist/tex/latex/oberdiek/kvoptions.sty
Package: kvoptions 2011/06/30 v3.11 Key value format for package options (HO)

(d:/Program Files/texlive/2012/texmf-dist/tex/generic/oberdiek/kvsetkeys.sty
Package: kvsetkeys 2012/04/25 v1.16 Key value parser (HO)

(d:/Program Files/texlive/2012/texmf-dist/tex/generic/oberdiek/etexcmds.sty
Package: etexcmds 2011/02/16 v1.5 Avoid name clashes with e-TeX commands (HO)

(d:/Program Files/texlive/2012/texmf-dist/tex/generic/oberdiek/ifluatex.sty
Package: ifluatex 2010/03/01 v1.3 Provides the ifluatex switch (HO)
Package ifluatex Info: LuaTeX not detected.
)
Package etexcmds Info: Could not find \expanded.
(etexcmds)             That can mean that you are not using pdfTeX 1.50 or
(etexcmds)             that some package has redefined \expanded.
(etexcmds)             In the latter case, load this package earlier.
))))
\c@section@level=\count107
LaTeX Info: Redefining \ref on input line 353.
LaTeX Info: Redefining \pageref on input line 353.
) (d:/Program Files/texlive/2012/texmf-dist/tex/latex/enumitem/enumitem.sty
Package: enumitem 2011/09/28 v3.5.2 Customized lists
\labelindent=\skip58
\enit@outerparindent=\dimen117
\enit@toks=\toks24
\enit@inbox=\box32
\enitdp@description=\count108
)
(d:/Program Files/texlive/2012/texmf-dist/tex/latex/nowidow/nowidow.sty
Package: nowidow 2011/09/20 1.0 Easily prevent widows and orphans
Package: nowidow 
)
(d:/Program Files/texlive/2012/texmf-dist/tex/latex/base/fontenc.sty
Package: fontenc 2005/09/27 v1.99g Standard LaTeX package

(d:/Program Files/texlive/2012/texmf-dist/tex/latex/base/t1enc.def
File: t1enc.def 2005/09/27 v1.99g Standard LaTeX file
LaTeX Font Info:    Redeclaring font encoding T1 on input line 43.
))
(d:/Program Files/texlive/2012/texmf-dist/tex/generic/babel/babel.sty
Package: babel 2008/07/08 v3.8m The Babel package

(d:/Program Files/texlive/2012/texmf-dist/tex/generic/babel/english.ldf
Language: english 2005/03/30 v3.3o English support from the babel system

(d:/Program Files/texlive/2012/texmf-dist/tex/generic/babel/babel.def
File: babel.def 2008/07/08 v3.8m Babel common definitions
\babel@savecnt=\count109
\U@D=\dimen118
)
\l@canadian = a dialect from \language\l@american 
\l@australian = a dialect from \language\l@british 
\l@newzealand = a dialect from \language\l@british 
))
(d:/Program Files/texlive/2012/texmf-dist/tex/latex/amsmath/amsmath.sty
Package: amsmath 2000/07/18 v2.13 AMS math features
\@mathmargin=\skip59

For additional information on amsmath, use the `?' option.
(d:/Program Files/texlive/2012/texmf-dist/tex/latex/amsmath/amstext.sty
Package: amstext 2000/06/29 v2.01

(d:/Program Files/texlive/2012/texmf-dist/tex/latex/amsmath/amsgen.sty
File: amsgen.sty 1999/11/30 v2.0
\@emptytoks=\toks25
\ex@=\dimen119
))
(d:/Program Files/texlive/2012/texmf-dist/tex/latex/amsmath/amsbsy.sty
Package: amsbsy 1999/11/29 v1.2d
\pmbraise@=\dimen120
)
(d:/Program Files/texlive/2012/texmf-dist/tex/latex/amsmath/amsopn.sty
Package: amsopn 1999/12/14 v2.01 operator names
)
\inf@bad=\count110
LaTeX Info: Redefining \frac on input line 211.
\uproot@=\count111
\leftroot@=\count112
LaTeX Info: Redefining \overline on input line 307.
\classnum@=\count113
\DOTSCASE@=\count114
LaTeX Info: Redefining \ldots on input line 379.
LaTeX Info: Redefining \dots on input line 382.
LaTeX Info: Redefining \cdots on input line 467.
\Mathstrutbox@=\box33
\strutbox@=\box34
\big@size=\dimen121
LaTeX Font Info:    Redeclaring font encoding OML on input line 567.
LaTeX Font Info:    Redeclaring font encoding OMS on input line 568.
\macc@depth=\count115
\c@MaxMatrixCols=\count116
\dotsspace@=\muskip10
\c@parentequation=\count117
\dspbrk@lvl=\count118
\tag@help=\toks26
\row@=\count119
\column@=\count120
\maxfields@=\count121
\andhelp@=\toks27
\eqnshift@=\dimen122
\alignsep@=\dimen123
\tagshift@=\dimen124
\tagwidth@=\dimen125
\totwidth@=\dimen126
\lineht@=\dimen127
\@envbody=\toks28
\multlinegap=\skip60
\multlinetaggap=\skip61
\mathdisplay@stack=\toks29
LaTeX Info: Redefining \[ on input line 2666.
LaTeX Info: Redefining \] on input line 2667.
)
(d:/Program Files/texlive/2012/texmf-dist/tex/latex/amsfonts/amsfonts.sty
Package: amsfonts 2009/06/22 v3.00 Basic AMSFonts support
\symAMSa=\mathgroup4
\symAMSb=\mathgroup5
LaTeX Font Info:    Overwriting math alphabet `\mathfrak' in version `bold'
(Font)                  U/euf/m/n --> U/euf/b/n on input line 96.
)
(d:/Program Files/texlive/2012/texmf-dist/tex/latex/xcolor/xcolor.sty
Package: xcolor 2007/01/21 v2.11 LaTeX color extensions (UK)

(d:/Program Files/texlive/2012/texmf-dist/tex/latex/latexconfig/color.cfg
File: color.cfg 2007/01/18 v1.5 color configuration of teTeX/TeXLive
)
Package xcolor Info: Driver file: pdftex.def on input line 225.

(d:/Program Files/texlive/2012/texmf-dist/tex/latex/pdftex-def/pdftex.def
File: pdftex.def 2011/05/27 v0.06d Graphics/color for pdfTeX
\Gread@gobject=\count122
)
Package xcolor Info: Model `cmy' substituted by `cmy0' on input line 1337.
Package xcolor Info: Model `hsb' substituted by `rgb' on input line 1341.
Package xcolor Info: Model `RGB' extended on input line 1353.
Package xcolor Info: Model `HTML' substituted by `rgb' on input line 1355.
Package xcolor Info: Model `Hsb' substituted by `hsb' on input line 1356.
Package xcolor Info: Model `tHsb' substituted by `hsb' on input line 1357.
Package xcolor Info: Model `HSB' substituted by `hsb' on input line 1358.
Package xcolor Info: Model `Gray' substituted by `gray' on input line 1359.
Package xcolor Info: Model `wave' substituted by `hsb' on input line 1360.
)
(d:/Program Files/texlive/2012/texmf-dist/tex/latex/pdfpages/pdfpages.sty
Package: pdfpages 2012/08/31 v0.4t Insert pages of external PDF documents (AM)

(d:/Program Files/texlive/2012/texmf-dist/tex/latex/base/ifthen.sty
Package: ifthen 2001/05/26 v1.1c Standard LaTeX ifthen package (DPC)
)
(d:/Program Files/texlive/2012/texmf-dist/tex/latex/tools/calc.sty
Package: calc 2007/08/22 v4.3 Infix arithmetic (KKT,FJ)
\calc@Acount=\count123
\calc@Bcount=\count124
\calc@Adimen=\dimen128
\calc@Bdimen=\dimen129
\calc@Askip=\skip62
\calc@Bskip=\skip63
LaTeX Info: Redefining \setlength on input line 76.
LaTeX Info: Redefining \addtolength on input line 77.
\calc@Ccount=\count125
\calc@Cskip=\skip64
)
(d:/Program Files/texlive/2012/texmf-dist/tex/latex/eso-pic/eso-pic.sty
Package: eso-pic 2010/10/06 v2.0c eso-pic (RN)

(d:/Program Files/texlive/2012/texmf-dist/tex/generic/oberdiek/atbegshi.sty
Package: atbegshi 2011/10/05 v1.16 At begin shipout hook (HO)

(d:/Program Files/texlive/2012/texmf-dist/tex/generic/oberdiek/ifpdf.sty
Package: ifpdf 2011/01/30 v2.3 Provides the ifpdf switch (HO)
Package ifpdf Info: pdfTeX in PDF mode is detected.
)))
(d:/Program Files/texlive/2012/texmf-dist/tex/latex/graphics/graphicx.sty
Package: graphicx 1999/02/16 v1.0f Enhanced LaTeX Graphics (DPC,SPQR)

(d:/Program Files/texlive/2012/texmf-dist/tex/latex/graphics/graphics.sty
Package: graphics 2009/02/05 v1.0o Standard LaTeX Graphics (DPC,SPQR)

(d:/Program Files/texlive/2012/texmf-dist/tex/latex/graphics/trig.sty
Package: trig 1999/03/16 v1.09 sin cos tan (DPC)
)
(d:/Program Files/texlive/2012/texmf-dist/tex/latex/latexconfig/graphics.cfg
File: graphics.cfg 2010/04/23 v1.9 graphics configuration of TeX Live
)
Package graphics Info: Driver file: pdftex.def on input line 91.
)
\Gin@req@height=\dimen130
\Gin@req@width=\dimen131
) (d:/Program Files/texlive/2012/texmf-dist/tex/latex/pdfpages/pppdftex.def
File: pppdftex.def 2012/08/31 v0.4t Pdfpages driver for pdfTeX (AM)
)
\AM@pagebox=\box35
\AM@toc@title=\toks30
\c@AM@survey=\count126
\AM@templatesizebox=\box36
)
(d:/Program Files/texlive/2012/texmf-dist/tex/latex/float/float.sty
Package: float 2001/11/08 v1.3d Float enhancements (AL)
\c@float@type=\count127
\float@exts=\toks31
\float@box=\box37
\@float@everytoks=\toks32
\@floatcapt=\box38
)
(d:/Program Files/texlive/2012/texmf-dist/tex/latex/wrapfig/wrapfig.sty
\wrapoverhang=\dimen132
\WF@size=\dimen133
\c@WF@wrappedlines=\count128
\WF@box=\box39
\WF@everypar=\toks33
Package: wrapfig 2003/01/31  v 3.6
)
(d:/Program Files/texlive/2012/texmf-dist/tex/latex/hyperref/hyperref.sty
Package: hyperref 2012/11/06 v6.83m Hypertext links for LaTeX

(d:/Program Files/texlive/2012/texmf-dist/tex/generic/oberdiek/hobsub-hyperref.
sty
Package: hobsub-hyperref 2012/05/28 v1.13 Bundle oberdiek, subset hyperref (HO)


(d:/Program Files/texlive/2012/texmf-dist/tex/generic/oberdiek/hobsub-generic.s
ty
Package: hobsub-generic 2012/05/28 v1.13 Bundle oberdiek, subset generic (HO)
Package: hobsub 2012/05/28 v1.13 Construct package bundles (HO)
Package hobsub Info: Skipping package `infwarerr' (already loaded).
Package hobsub Info: Skipping package `ltxcmds' (already loaded).
Package hobsub Info: Skipping package `ifluatex' (already loaded).
Package: ifvtex 2010/03/01 v1.5 Detect VTeX and its facilities (HO)
Package ifvtex Info: VTeX not detected.
Package: intcalc 2007/09/27 v1.1 Expandable calculations with integers (HO)
Package hobsub Info: Skipping package `ifpdf' (already loaded).
Package hobsub Info: Skipping package `etexcmds' (already loaded).
Package hobsub Info: Skipping package `kvsetkeys' (already loaded).
Package: kvdefinekeys 2011/04/07 v1.3 Define keys (HO)
Package: pdftexcmds 2011/11/29 v0.20 Utility functions of pdfTeX for LuaTeX (HO
)
Package pdftexcmds Info: LuaTeX not detected.
Package pdftexcmds Info: \pdf@primitive is available.
Package pdftexcmds Info: \pdf@ifprimitive is available.
Package pdftexcmds Info: \pdfdraftmode found.
Package: pdfescape 2011/11/25 v1.13 Implements pdfTeX's escape features (HO)
Package: bigintcalc 2012/04/08 v1.3 Expandable calculations on big integers (HO
)
Package: bitset 2011/01/30 v1.1 Handle bit-vector datatype (HO)
Package: uniquecounter 2011/01/30 v1.2 Provide unlimited unique counter (HO)
)
Package hobsub Info: Skipping package `hobsub' (already loaded).
Package: letltxmacro 2010/09/02 v1.4 Let assignment for LaTeX macros (HO)
Package: hopatch 2012/05/28 v1.2 Wrapper for package hooks (HO)
Package: xcolor-patch 2011/01/30 xcolor patch
Package: atveryend 2011/06/30 v1.8 Hooks at the very end of document (HO)
Package atveryend Info: \enddocument detected (standard20110627).
Package hobsub Info: Skipping package `atbegshi' (already loaded).
Package hobsub Info: Skipping package `refcount' (already loaded).
Package: hycolor 2011/01/30 v1.7 Color options for hyperref/bookmark (HO)
) (d:/Program Files/texlive/2012/texmf-dist/tex/generic/ifxetex/ifxetex.sty
Package: ifxetex 2010/09/12 v0.6 Provides ifxetex conditional
) (d:/Program Files/texlive/2012/texmf-dist/tex/latex/oberdiek/auxhook.sty
Package: auxhook 2011/03/04 v1.3 Hooks for auxiliary files (HO)
)
\@linkdim=\dimen134
\Hy@linkcounter=\count129
\Hy@pagecounter=\count130

(d:/Program Files/texlive/2012/texmf-dist/tex/latex/hyperref/pd1enc.def
File: pd1enc.def 2012/11/06 v6.83m Hyperref: PDFDocEncoding definition (HO)
)
\Hy@SavedSpaceFactor=\count131

(d:/Program Files/texlive/2012/texmf-dist/tex/latex/latexconfig/hyperref.cfg
File: hyperref.cfg 2002/06/06 v1.2 hyperref configuration of TeXLive
)
Package hyperref Info: Option `bookmarks' set `true' on input line 4319.
Package hyperref Info: Option `plainpages' set `false' on input line 4319.
Package hyperref Info: Hyper figures OFF on input line 4443.
Package hyperref Info: Link nesting OFF on input line 4448.
Package hyperref Info: Hyper index ON on input line 4451.
Package hyperref Info: Plain pages OFF on input line 4458.
Package hyperref Info: Backreferencing OFF on input line 4463.
Package hyperref Info: Implicit mode ON; LaTeX internals redefined.
Package hyperref Info: Bookmarks ON on input line 4688.
\c@Hy@tempcnt=\count132

(d:/Program Files/texlive/2012/texmf-dist/tex/latex/url/url.sty
\Urlmuskip=\muskip11
Package: url 2006/04/12  ver 3.3  Verb mode for urls, etc.
)
LaTeX Info: Redefining \url on input line 5041.
\XeTeXLinkMargin=\dimen135
\Fld@menulength=\count133
\Field@Width=\dimen136
\Fld@charsize=\dimen137
Package hyperref Info: Hyper figures OFF on input line 6295.
Package hyperref Info: Link nesting OFF on input line 6300.
Package hyperref Info: Hyper index ON on input line 6303.
Package hyperref Info: backreferencing OFF on input line 6310.
Package hyperref Info: Link coloring OFF on input line 6315.
Package hyperref Info: Link coloring with OCG OFF on input line 6320.
Package hyperref Info: PDF/A mode OFF on input line 6325.
LaTeX Info: Redefining \ref on input line 6365.
LaTeX Info: Redefining \pageref on input line 6369.
\Hy@abspage=\count134
\c@Item=\count135
\c@Hfootnote=\count136
)

Package hyperref Message: Driver: hpdftex.

(d:/Program Files/texlive/2012/texmf-dist/tex/latex/hyperref/hpdftex.def
File: hpdftex.def 2012/11/06 v6.83m Hyperref driver for pdfTeX
\Fld@listcount=\count137
\c@bookmark@seq@number=\count138

(d:/Program Files/texlive/2012/texmf-dist/tex/latex/oberdiek/rerunfilecheck.sty
Package: rerunfilecheck 2011/04/15 v1.7 Rerun checks for auxiliary files (HO)
Package uniquecounter Info: New unique counter `rerunfilecheck' on input line 2
82.
)
\Hy@SectionHShift=\skip65
) (d:/Program Files/texlive/2012/texmf-dist/tex/latex/geometry/geometry.sty
Package: geometry 2010/09/12 v5.6 Page Geometry
\Gm@cnth=\count139
\Gm@cntv=\count140
\c@Gm@tempcnt=\count141
\Gm@bindingoffset=\dimen138
\Gm@wd@mp=\dimen139
\Gm@odd@mp=\dimen140
\Gm@even@mp=\dimen141
\Gm@layoutwidth=\dimen142
\Gm@layoutheight=\dimen143
\Gm@layouthoffset=\dimen144
\Gm@layoutvoffset=\dimen145
\Gm@dimlist=\toks34
))
(./main.aux (./titlepage.aux) (./01_wprowadzenie.aux) (./02_analiza.aux)
(./03_projektowanie.aux) (./04_implementacja.aux) (./05_instrukcja.aux)
(./06_testowanie.aux) (./07_podsumowanie.aux) (./appx.aux))
\openout1 = `main.aux'.

LaTeX Font Info:    Checking defaults for OML/cmm/m/it on input line 2.
LaTeX Font Info:    ... okay on input line 2.
LaTeX Font Info:    Checking defaults for T1/cmr/m/n on input line 2.
LaTeX Font Info:    ... okay on input line 2.
LaTeX Font Info:    Checking defaults for OT1/cmr/m/n on input line 2.
LaTeX Font Info:    ... okay on input line 2.
LaTeX Font Info:    Checking defaults for OMS/cmsy/m/n on input line 2.
LaTeX Font Info:    ... okay on input line 2.
LaTeX Font Info:    Checking defaults for OMX/cmex/m/n on input line 2.
LaTeX Font Info:    ... okay on input line 2.
LaTeX Font Info:    Checking defaults for U/cmr/m/n on input line 2.
LaTeX Font Info:    ... okay on input line 2.
LaTeX Font Info:    Checking defaults for PD1/pdf/m/n on input line 2.
LaTeX Font Info:    ... okay on input line 2.
LaTeX Font Info:    Try loading font information for T1+cmss on input line 2.

(d:/Program Files/texlive/2012/texmf-dist/tex/latex/base/t1cmss.fd
File: t1cmss.fd 1999/05/25 v2.5h Standard LaTeX font definitions
)
(d:/Program Files/texlive/2012/texmf-dist/tex/latex/ucs/ucsencs.def
File: ucsencs.def 2011/01/21 Fixes to fontencodings LGR, T3
)
\c@lstlisting=\count142

(d:/Program Files/texlive/2012/texmf-dist/tex/context/base/supp-pdf.mkii
[Loading MPS to PDF converter (version 2006.09.02).]
\scratchcounter=\count143
\scratchdimen=\dimen146
\scratchbox=\box40
\nofMPsegments=\count144
\nofMParguments=\count145
\everyMPshowfont=\toks35
\MPscratchCnt=\count146
\MPscratchDim=\dimen147
\MPnumerator=\count147
\makeMPintoPDFobject=\count148
\everyMPtoPDFconversion=\toks36
)
\AtBeginShipoutBox=\box41

(d:/Program Files/texlive/2012/texmf-dist/tex/latex/oberdiek/epstopdf-base.sty
Package: epstopdf-base 2010/02/09 v2.5 Base part for package epstopdf

(d:/Program Files/texlive/2012/texmf-dist/tex/latex/oberdiek/grfext.sty
Package: grfext 2010/08/19 v1.1 Manage graphics extensions (HO)
)
Package grfext Info: Graphics extension search list:
(grfext)             [.png,.pdf,.jpg,.mps,.jpeg,.jbig2,.jb2,.PNG,.PDF,.JPG,.JPE
G,.JBIG2,.JB2,.eps]
(grfext)             \AppendGraphicsExtensions on input line 452.

(d:/Program Files/texlive/2012/texmf-dist/tex/latex/latexconfig/epstopdf-sys.cf
g
File: epstopdf-sys.cfg 2010/07/13 v1.3 Configuration of (r)epstopdf for TeX Liv
e
))
Package hyperref Info: Link coloring OFF on input line 2.
LaTeX Info: Redefining \ref on input line 2.
LaTeX Info: Redefining \pageref on input line 2.
LaTeX Info: Redefining \nameref on input line 2.
 (./main.out) (./main.out)
\@outlinefile=\write3
\openout3 = `main.out'.


*geometry* driver: auto-detecting
*geometry* detected driver: pdftex
*geometry* verbose mode - [ preamble ] result:
* driver: pdftex
* paper: a4paper
* layout: <same size as paper>
* layoutoffset:(h,v)=(0.0pt,0.0pt)
* modes: twoside 
* h-part:(L,W,R)=(85.35826pt, 441.01773pt, 71.13188pt)
* v-part:(T,H,B)=(71.13188pt, 702.78308pt, 71.13188pt)
* \paperwidth=597.50787pt
* \paperheight=845.04684pt
* \textwidth=441.01773pt
* \textheight=702.78308pt
* \oddsidemargin=13.08827pt
* \evensidemargin=-1.1381pt
* \topmargin=-38.1381pt
* \headheight=12.0pt
* \headsep=25.0pt
* \topskip=10.0pt
* \footskip=30.0pt
* \marginparwidth=111.0pt
* \marginparsep=11.0pt
* \columnsep=10.0pt
* \skip\footins=9.0pt plus 4.0pt minus 2.0pt
* \hoffset=0.0pt
* \voffset=0.0pt
* \mag=1000
* \@twocolumnfalse
* \@twosidetrue
* \@mparswitchtrue
* \@reversemarginfalse
* (1in=72.27pt=25.4mm, 1cm=28.453pt)

\openout2 = `titlepage.aux'.

(./titlepage.tex <Images/polsl.pdf, id=261, 1220.56pt x 1220.56pt>
File: Images/polsl.pdf Graphic file (type pdf)

<use Images/polsl.pdf>
Package pdftex.def Info: Images/polsl.pdf used on input line 7.
(pdftex.def)             Requested size: 91.04872pt x 91.03519pt.

Overfull \hbox (4.33525pt too wide) in paragraph at lines 17--17
 \T1/cmss/bx/n/17.28 F\T1/cmss/bx/n/14.4 ACULTY \T1/cmss/bx/n/17.28 O\T1/cmss/b
x/n/14.4 F \T1/cmss/bx/n/17.28 A\T1/cmss/bx/n/14.4 UTOMATIC \T1/cmss/bx/n/17.28
 C\T1/cmss/bx/n/14.4 ONTROL, \T1/cmss/bx/n/17.28 E\T1/cmss/bx/n/14.4 LECTRONICS
 AND 
 []

(d:/Program Files/texlive/2012/texmf-dist/tex/latex/ucs/data/uni-1.def
File: uni-1.def 2012/08/28 UCS: Unicode data U+0100..U+01FF
)
[1




{d:/Program Files/texlive/2012/texmf-var/fonts/map/pdftex/updmap/pdftex.map} <.
/Images/polsl.pdf>] [2

]) (./main.toc
LaTeX Font Info:    Try loading font information for U+msa on input line 4.

(d:/Program Files/texlive/2012/texmf-dist/tex/latex/amsfonts/umsa.fd
File: umsa.fd 2009/06/22 v3.00 AMS symbols A
)
LaTeX Font Info:    Try loading font information for U+msb on input line 4.

(d:/Program Files/texlive/2012/texmf-dist/tex/latex/amsfonts/umsb.fd
File: umsb.fd 2009/06/22 v3.00 AMS symbols B
) [1



])
\tf@toc=\write4
\openout4 = `main.toc'.


[2]
\openout2 = `01_wprowadzenie.aux'.

 (./01_wprowadzenie.tex
Chapter 1.
[1


]
LaTeX Font Info:    Try loading font information for OMS+cmss on input line 24.

LaTeX Font Info:    No file OMScmss.fd. on input line 24.


LaTeX Font Warning: Font shape `OMS/cmss/m/n' undefined
(Font)              using `OMS/cmsy/m/n' instead
(Font)              for symbol `textbullet' on input line 24.

) [2]
\openout2 = `02_analiza.aux'.

 (./02_analiza.tex
Chapter 2.
(d:/Program Files/texlive/2012/texmf-dist/tex/latex/ucs/data/uni-32.def
File: uni-32.def 2012/08/28 UCS: Unicode data U+2000..U+20FF
)
[3



] [4] [5] [6] <Images/phantom_basic.jpg, id=423, 840.13875pt x 560.0925pt>
File: Images/phantom_basic.jpg Graphic file (type jpg)

<use Images/phantom_basic.jpg>
Package pdftex.def Info: Images/phantom_basic.jpg used on input line 82.
(pdftex.def)             Requested size: 142.26378pt x 94.83842pt.
 [7 <./Images/phantom_basic.jpg>]) [8]
\openout2 = `03_projektowanie.aux'.


(./03_projektowanie.tex
Chapter 3.
[9



] <Images/leveling.png, id=456, 385.44pt x 778.91pt>
File: Images/leveling.png Graphic file (type png)

<use Images/leveling.png>
Package pdftex.def Info: Images/leveling.png used on input line 23.
(pdftex.def)             Requested size: 168.95305pt x 341.43306pt.

Underfull \vbox (badness 10000) has occurred while \output is active []

 [10 <./Images/leveling.png>]) [11]
\openout2 = `04_implementacja.aux'.

 (./04_implementacja.tex
Chapter 4.
[12



] <Images/open_haptics.png, id=478, 533.995pt x 322.20375pt>
File: Images/open_haptics.png Graphic file (type png)

<use Images/open_haptics.png>
Package pdftex.def Info: Images/open_haptics.png used on input line 23.
(pdftex.def)             Requested size: 142.26378pt x 85.8408pt.

Underfull \hbox (badness 1117) in paragraph at lines 28--29
[][]\T1/cmss/m/n/10 Two most pop-u-lar lib-rar-ies for us-age with
 []


Underfull \hbox (badness 1742) in paragraph at lines 30--31
[]\T1/cmss/m/n/10 Open Haptics is based on OpenGL us-ing
 []


Underfull \vbox (badness 10000) has occurred while \output is active []

 [13 <./Images/open_haptics.png>] [14]
<Images/component_diagram.png, id=497, 621.82312pt x 225.84375pt>
File: Images/component_diagram.png Graphic file (type png)

<use Images/component_diagram.png>
Package pdftex.def Info: Images/component_diagram.png used on input line 69.
(pdftex.def)             Requested size: 441.01773pt x 160.17787pt.

<Images/data_flow_diagram.png, id=498, 788.9475pt x 547.04375pt>
File: Images/data_flow_diagram.png Graphic file (type png)

<use Images/data_flow_diagram.png>
Package pdftex.def Info: Images/data_flow_diagram.png used on input line 79.
(pdftex.def)             Requested size: 441.01773pt x 305.79149pt.

<Images/class_diagram.png, id=503, 784.9325pt x 923.45pt>
File: Images/class_diagram.png Graphic file (type png)

<use Images/class_diagram.png>
Package pdftex.def Info: Images/class_diagram.png used on input line 92.
(pdftex.def)             Requested size: 441.01773pt x 518.84753pt.
 [15 <./Images/component_diagram.png>] [16 <./Images/data_flow_diagram.png>] [1
7 <./Images/class_diagram.png>]
Underfull \vbox (badness 10000) has occurred while \output is active []

 [18])
[19] [20]
\openout2 = `05_instrukcja.aux'.

 (./05_instrukcja.tex
Chapter 5.
[21



]) [22]
\openout2 = `06_testowanie.aux'.

 (./06_testowanie.tex
Chapter 6.
<Images/first_curve.png, id=547, 770.12718pt x 449.42906pt>
File: Images/first_curve.png Graphic file (type png)

<use Images/first_curve.png>
Package pdftex.def Info: Images/first_curve.png used on input line 11.
(pdftex.def)             Requested size: 308.71106pt x 180.15247pt.

<Images/second_curve.png, id=548, 905.63344pt x 450.18187pt>
File: Images/second_curve.png Graphic file (type png)

<use Images/second_curve.png>
Package pdftex.def Info: Images/second_curve.png used on input line 19.
(pdftex.def)             Requested size: 308.71106pt x 153.45822pt.

<Images/third_curve.png, id=549, 901.86937pt x 452.4403pt>
File: Images/third_curve.png Graphic file (type png)

<use Images/third_curve.png>
Package pdftex.def Info: Images/third_curve.png used on input line 27.
(pdftex.def)             Requested size: 308.71106pt x 154.87012pt.

<Images/won.png, id=550, 900.36375pt x 446.41782pt>
File: Images/won.png Graphic file (type png)
 <use Images/won.png>
Package pdftex.def Info: Images/won.png used on input line 35.
(pdftex.def)             Requested size: 308.71106pt x 153.06747pt.

[23



 <./Images/first_curve.png>] [24 <./Images/second_curve.png> <./Images/third_cu
rve.png> <./Images/won.png>]
<Images/noskybox.png, id=573, 883.80188pt x 424.58624pt>
File: Images/noskybox.png Graphic file (type png)

<use Images/noskybox.png>
Package pdftex.def Info: Images/noskybox.png used on input line 47.
(pdftex.def)             Requested size: 308.71106pt x 148.30939pt.

<Images/route.png, id=574, 895.84688pt x 438.13687pt>
File: Images/route.png Graphic file (type png)
 <use Images/route.png>
Package pdftex.def Info: Images/route.png used on input line 55.
(pdftex.def)             Requested size: 308.71106pt x 150.97687pt.

<Images/points.png, id=575, 903.375pt x 447.17062pt>
File: Images/points.png Graphic file (type png)
 <use Images/points.png>
Package pdftex.def Info: Images/points.png used on input line 63.
(pdftex.def)             Requested size: 308.71106pt x 152.81384pt.

Underfull \hbox (badness 2065) in paragraph at lines 70--72
[]\T1/cmss/m/n/10 Because de-veloped ap-plic-a-tion is a game, test-ing was fo-
cused on specification-based test-
 []

[25 <./Images/noskybox.png> <./Images/route.png>]) [26 <./Images/points.png>]
\openout2 = `07_podsumowanie.aux'.


(./07_podsumowanie.tex
Chapter 7.

Underfull \vbox (badness 1789) has occurred while \output is active []

 [27



])
[28] (./main.bbl
LaTeX Font Info:    Try loading font information for T1+cmtt on input line 31.

(d:/Program Files/texlive/2012/texmf-dist/tex/latex/base/t1cmtt.fd
File: t1cmtt.fd 1999/05/25 v2.5h Standard LaTeX font definitions
)) [29


]
\openout2 = `appx.aux'.


(./appx.tex
Appendix A.
) [30


]
Package atveryend Info: Empty hook `BeforeClearDocument' on input line 50.
Package atveryend Info: Empty hook `AfterLastShipout' on input line 50.
 (./main.aux (./titlepage.aux) (./01_wprowadzenie.aux) (./02_analiza.aux) (./03
_projektowanie.aux) (./04_implementacja.aux) (./05_instrukcja.aux)
(./06_testowanie.aux) (./07_podsumowanie.aux) (./appx.aux))
Package atveryend Info: Executing hook `AtVeryEndDocument' on input line 50.
Package atveryend Info: Executing hook `AtEndAfterFileList' on input line 50.


Package rerunfilecheck Warning: File `main.out' has changed.
(rerunfilecheck)                Rerun to get outlines right
(rerunfilecheck)                or use package `bookmark'.

Package rerunfilecheck Info: Checksums for `main.out':
(rerunfilecheck)             Before: EA865DC5C83699E5C7E33A39E6898331;4114
(rerunfilecheck)             After:  A27DF8024FAE2641A0D54C8F5FFA87C9;4114.

LaTeX Font Warning: Some font shapes were not available, defaults substituted.

Package atveryend Info: Empty hook `AtVeryVeryEnd' on input line 50.
 ) 
Here is how much of TeX's memory you used:
 11475 strings out of 493488
 164312 string characters out of 3138759
 273682 words of memory out of 3000000
 14362 multiletter control sequences out of 15000+200000
 16454 words of font info for 37 fonts, out of 3000000 for 9000
 957 hyphenation exceptions out of 8191
 46i,12n,45p,1186b,532s stack positions out of 5000i,500n,10000p,200000b,50000s
pdfTeX warning (dest): name{chapter*.3} has been referenced but does not exis
t, replaced by a fixed one

{d:/Program Files/texlive/2012/texmf-dist/fonts/enc/dvips/cm-super/cm-super-t1.
enc}<d:/Program Files/texlive/2012/texmf-dist/fonts/type1/public/amsfonts/cm/cm
sy10.pfb><d:/Program Files/texlive/2012/texmf-dist/fonts/type1/public/cm-super/
sfsi1000.pfb><d:/Program Files/texlive/2012/texmf-dist/fonts/type1/public/cm-su
per/sfss1000.pfb><d:/Program Files/texlive/2012/texmf-dist/fonts/type1/public/c
m-super/sfss1200.pfb><d:/Program Files/texlive/2012/texmf-dist/fonts/type1/publ
ic/cm-super/sfss1440.pfb><d:/Program Files/texlive/2012/texmf-dist/fonts/type1/
public/cm-super/sfss1728.pfb><d:/Program Files/texlive/2012/texmf-dist/fonts/ty
pe1/public/cm-super/sfss2074.pfb><d:/Program Files/texlive/2012/texmf-dist/font
s/type1/public/cm-super/sfsx1000.pfb><d:/Program Files/texlive/2012/texmf-dist/
fonts/type1/public/cm-super/sfsx1200.pfb><d:/Program Files/texlive/2012/texmf-d
ist/fonts/type1/public/cm-super/sfsx1440.pfb><d:/Program Files/texlive/2012/tex
mf-dist/fonts/type1/public/cm-super/sfsx1728.pfb><d:/Program Files/texlive/2012
/texmf-dist/fonts/type1/public/cm-super/sfsx2074.pfb><d:/Program Files/texlive/
2012/texmf-dist/fonts/type1/public/cm-super/sfsx2488.pfb><d:/Program Files/texl
ive/2012/texmf-dist/fonts/type1/public/cm-super/sftt1000.pfb>
Output written on main.pdf (34 pages, 7267185 bytes).
PDF statistics:
 696 PDF objects out of 1000 (max. 8388607)
 620 compressed objects within 7 object streams
 137 named destinations out of 1000 (max. 500000)
 583 words of extra memory for PDF output out of 10000 (max. 10000000)

